Connecting to database specified by database.yml
  [1m[36m (113.0ms)[0m  [1mselect sqlite_version(*)[0m
  [1m[35m (17.0ms)[0m  CREATE TABLE "tracks" ("id" INTEGER PRIMARY KEY AUTOINCREMENT NOT NULL, "title" varchar(255), "created_at" datetime NOT NULL, "updated_at" datetime NOT NULL, "thumbnail_url" varchar(255), "video_id" varchar(255)) 
  [1m[36m (20.0ms)[0m  [1mCREATE TABLE "schema_migrations" ("version" varchar(255) NOT NULL) [0m
  [1m[35m (37.0ms)[0m  CREATE UNIQUE INDEX "unique_schema_migrations" ON "schema_migrations" ("version")
  [1m[36m (1.0ms)[0m  [1mSELECT version FROM "schema_migrations"[0m
  [1m[35m (17.0ms)[0m  INSERT INTO "schema_migrations" (version) VALUES ('20130707043017')
  [1m[36m (34.0ms)[0m  [1mINSERT INTO "schema_migrations" (version) VALUES ('20130616205845')[0m
  [1m[35m (33.0ms)[0m  INSERT INTO "schema_migrations" (version) VALUES ('20130630225550')
  [1m[36m (20.0ms)[0m  [1mINSERT INTO "schema_migrations" (version) VALUES ('20130630225625')[0m
  [1m[35m (16.0ms)[0m  INSERT INTO "schema_migrations" (version) VALUES ('20130702224651')
Connecting to database specified by database.yml


Started GET "/" for 127.0.0.1 at 2013-08-10 12:55:16 -0400
Processing by TracksController#index as HTML
  [1m[36mTrack Load (1.0ms)[0m  [1mSELECT "tracks".* FROM "tracks" [0m
  Rendered tracks/_createlist.html.erb (1.0ms)
  Rendered tracks/index.html.erb within layouts/application (138.0ms)
Compiled tracks.css  (214ms)  (pid 10188)
Compiled font-awesome.css  (65ms)  (pid 10188)
Compiled application.css  (604ms)  (pid 10188)
Compiled jquery.js  (8ms)  (pid 10188)
Compiled jquery_ujs.js  (2ms)  (pid 10188)
Compiled tracks.js  (18333ms)  (pid 10188)
Compiled application.js  (19123ms)  (pid 10188)
  [1m[35m (0.0ms)[0m  SELECT "tracks"."video_id" FROM "tracks" 
Completed 200 OK in 21420ms (Views: 20892.2ms | ActiveRecord: 16.0ms)


Started GET "/" for 127.0.0.1 at 2013-08-10 12:55:38 -0400
Processing by TracksController#index as HTML
  [1m[36mTrack Load (0.0ms)[0m  [1mSELECT "tracks".* FROM "tracks" [0m
  Rendered tracks/_createlist.html.erb (1.0ms)
  Rendered tracks/index.html.erb within layouts/application (8.0ms)
  [1m[35m (1.0ms)[0m  SELECT "tracks"."video_id" FROM "tracks" 
Completed 200 OK in 45ms (Views: 42.0ms | ActiveRecord: 1.0ms)


Started GET "/assets/tracks.css?body=1" for 127.0.0.1 at 2013-08-10 12:55:40 -0400
Served asset /tracks.css - 304 Not Modified (11ms)


Started GET "/assets/application.css?body=1" for 127.0.0.1 at 2013-08-10 12:55:40 -0400
Served asset /application.css - 200 OK (18ms)


Started GET "/assets/jquery_ujs.js?body=1" for 127.0.0.1 at 2013-08-10 12:55:40 -0400
Served asset /jquery_ujs.js - 304 Not Modified (13ms)


Started GET "/assets/jquery.js?body=1" for 127.0.0.1 at 2013-08-10 12:55:40 -0400
Served asset /jquery.js - 304 Not Modified (50ms)


Started GET "/assets/font-awesome.css?body=1" for 127.0.0.1 at 2013-08-10 12:55:40 -0400
Served asset /font-awesome.css - 304 Not Modified (13ms)


Started GET "/assets/tracks.js?body=1" for 127.0.0.1 at 2013-08-10 12:55:40 -0400
Served asset /tracks.js - 304 Not Modified (6ms)


Started GET "/assets/application.js?body=1" for 127.0.0.1 at 2013-08-10 12:55:40 -0400
Served asset /application.js - 304 Not Modified (22ms)


Started POST "/tracks" for 127.0.0.1 at 2013-08-10 12:55:46 -0400
Processing by TracksController#create as JS
  Parameters: {"utf8"=>"✓", "authenticity_token"=>"K3nDM4Q0GAKbkc3Y+VHwTgkGxt0dizhG6AXjJ1MKyw0=", "track"=>{"query"=>"fuck"}, "commit"=>"add"}
  [1m[36mTrack Load (1.0ms)[0m  [1mSELECT "tracks".* FROM "tracks" [0m
  [1m[35m (1.0ms)[0m  SELECT "tracks"."video_id" FROM "tracks" 
  [1m[36m (1.0ms)[0m  [1mbegin transaction[0m
  [1m[35mSQL (210.0ms)[0m  INSERT INTO "tracks" ("created_at", "thumbnail_url", "title", "updated_at", "video_id") VALUES (?, ?, ?, ?, ?)  [["created_at", Sat, 10 Aug 2013 16:55:48 UTC +00:00], ["thumbnail_url", "http://i.ytimg.com/vi/DY3OqM05xjo/hqdefault.jpg"], ["title", "\"F**K UP\" MUSIC VIDEO by SHANE DAWSON"], ["updated_at", Sat, 10 Aug 2013 16:55:48 UTC +00:00], ["video_id", "DY3OqM05xjo"]]
  [1m[36m (29.0ms)[0m  [1mcommit transaction[0m
  Rendered tracks/_track.html.erb (4.0ms)
  Rendered tracks/create.js.erb (12.0ms)
Completed 200 OK in 1617ms (Views: 31.0ms | ActiveRecord: 242.0ms)


Started POST "/tracks" for 127.0.0.1 at 2013-08-10 12:55:48 -0400
Processing by TracksController#create as JS
  Parameters: {"utf8"=>"✓", "authenticity_token"=>"K3nDM4Q0GAKbkc3Y+VHwTgkGxt0dizhG6AXjJ1MKyw0=", "track"=>{"query"=>"fuck"}, "commit"=>"add"}
  [1m[35mTrack Load (1.0ms)[0m  SELECT "tracks".* FROM "tracks" 
  [1m[36m (0.0ms)[0m  [1mSELECT "tracks"."video_id" FROM "tracks" [0m
  [1m[35m (0.0ms)[0m  begin transaction
  [1m[36mSQL (42.0ms)[0m  [1mINSERT INTO "tracks" ("created_at", "thumbnail_url", "title", "updated_at", "video_id") VALUES (?, ?, ?, ?, ?)[0m  [["created_at", Sat, 10 Aug 2013 16:55:49 UTC +00:00], ["thumbnail_url", "http://i.ytimg.com/vi/DY3OqM05xjo/hqdefault.jpg"], ["title", "\"F**K UP\" MUSIC VIDEO by SHANE DAWSON"], ["updated_at", Sat, 10 Aug 2013 16:55:49 UTC +00:00], ["video_id", "DY3OqM05xjo"]]
  [1m[35m (47.0ms)[0m  commit transaction
  Rendered tracks/_track.html.erb (4.0ms)
  Rendered tracks/create.js.erb (10.0ms)
Completed 200 OK in 1109ms (Views: 39.0ms | ActiveRecord: 90.0ms)


Started GET "/assets/remove.png" for 127.0.0.1 at 2013-08-10 12:55:49 -0400
Served asset /remove.png - 304 Not Modified (190ms)


Started POST "/tracks" for 127.0.0.1 at 2013-08-10 12:55:52 -0400
Processing by TracksController#create as JS
  Parameters: {"utf8"=>"✓", "authenticity_token"=>"K3nDM4Q0GAKbkc3Y+VHwTgkGxt0dizhG6AXjJ1MKyw0=", "track"=>{"query"=>"soidlhoidfshgoufdshgoihsdg"}, "commit"=>"add"}
  [1m[36mTrack Load (0.0ms)[0m  [1mSELECT "tracks".* FROM "tracks" [0m
  [1m[35m (0.0ms)[0m  SELECT "tracks"."video_id" FROM "tracks" 
  [1m[36m (0.0ms)[0m  [1mbegin transaction[0m
  [1m[35m (1.0ms)[0m  rollback transaction
  Rendered tracks/create.js.erb (2.0ms)
Completed 200 OK in 664ms (Views: 26.0ms | ActiveRecord: 1.0ms)


Started DELETE "/tracks/2" for 127.0.0.1 at 2013-08-10 12:55:55 -0400
Processing by TracksController#destroy as JS
  Parameters: {"utf8"=>"✓", "authenticity_token"=>"K3nDM4Q0GAKbkc3Y+VHwTgkGxt0dizhG6AXjJ1MKyw0=", "id"=>"2"}
  [1m[36mTrack Load (0.0ms)[0m  [1mSELECT "tracks".* FROM "tracks" WHERE "tracks"."id" = ? LIMIT 1[0m  [["id", "2"]]
  [1m[35m (0.0ms)[0m  begin transaction
  [1m[36mSQL (2.0ms)[0m  [1mDELETE FROM "tracks" WHERE "tracks"."id" = ?[0m  [["id", 2]]
  [1m[35m (81.0ms)[0m  commit transaction
  Rendered tracks/destroy.js.erb (1.0ms)
Completed 200 OK in 119ms (Views: 24.0ms | ActiveRecord: 83.0ms)


Started DELETE "/tracks/1" for 127.0.0.1 at 2013-08-10 12:55:56 -0400
Processing by TracksController#destroy as JS
  Parameters: {"utf8"=>"✓", "authenticity_token"=>"K3nDM4Q0GAKbkc3Y+VHwTgkGxt0dizhG6AXjJ1MKyw0=", "id"=>"1"}
  [1m[36mTrack Load (0.0ms)[0m  [1mSELECT "tracks".* FROM "tracks" WHERE "tracks"."id" = ? LIMIT 1[0m  [["id", "1"]]
  [1m[35m (0.0ms)[0m  begin transaction
  [1m[36mSQL (2.0ms)[0m  [1mDELETE FROM "tracks" WHERE "tracks"."id" = ?[0m  [["id", 1]]
  [1m[35m (78.0ms)[0m  commit transaction
  Rendered tracks/destroy.js.erb (0.0ms)
Completed 200 OK in 117ms (Views: 31.0ms | ActiveRecord: 80.0ms)


Started GET "/assets/remove.png" for 127.0.0.1 at 2013-08-10 12:55:56 -0400
Served asset /remove.png - 304 Not Modified (0ms)


Started GET "/assets/remove.png" for 127.0.0.1 at 2013-08-10 12:55:56 -0400
Served asset /remove.png - 304 Not Modified (1ms)


Started POST "/tracks" for 127.0.0.1 at 2013-08-10 12:56:03 -0400
Processing by TracksController#create as JS
  Parameters: {"utf8"=>"✓", "authenticity_token"=>"K3nDM4Q0GAKbkc3Y+VHwTgkGxt0dizhG6AXjJ1MKyw0=", "track"=>{"query"=>"oiadf"}, "commit"=>"add"}
  [1m[36mTrack Load (1.0ms)[0m  [1mSELECT "tracks".* FROM "tracks" [0m
  [1m[35m (0.0ms)[0m  SELECT "tracks"."video_id" FROM "tracks" 
  [1m[36m (0.0ms)[0m  [1mbegin transaction[0m
  [1m[35mSQL (2.0ms)[0m  INSERT INTO "tracks" ("created_at", "thumbnail_url", "title", "updated_at", "video_id") VALUES (?, ?, ?, ?, ?)  [["created_at", Sat, 10 Aug 2013 16:56:03 UTC +00:00], ["thumbnail_url", "http://i.ytimg.com/vi/wVlb2V3kc-A/hqdefault.jpg"], ["title", "Yesterday - \"The Movement\" live @ Fábrica da Pólvora 17/02/2013"], ["updated_at", Sat, 10 Aug 2013 16:56:03 UTC +00:00], ["video_id", "wVlb2V3kc-A"]]
  [1m[36m (31.0ms)[0m  [1mcommit transaction[0m
  Rendered tracks/_track.html.erb (3.0ms)
  Rendered tracks/create.js.erb (7.0ms)
Completed 200 OK in 336ms (Views: 31.0ms | ActiveRecord: 34.0ms)


Started GET "/assets/remove.png" for 127.0.0.1 at 2013-08-10 12:56:03 -0400
Served asset /remove.png - 304 Not Modified (0ms)


Started POST "/tracks" for 127.0.0.1 at 2013-08-10 12:56:07 -0400
Processing by TracksController#create as JS
  Parameters: {"utf8"=>"✓", "authenticity_token"=>"K3nDM4Q0GAKbkc3Y+VHwTgkGxt0dizhG6AXjJ1MKyw0=", "track"=>{"query"=>"aosidjoiasdhoauhfuoaDH"}, "commit"=>"add"}
  [1m[35mTrack Load (0.0ms)[0m  SELECT "tracks".* FROM "tracks" 
  [1m[36m (0.0ms)[0m  [1mSELECT "tracks"."video_id" FROM "tracks" [0m
  [1m[35m (0.0ms)[0m  begin transaction
  [1m[36m (0.0ms)[0m  [1mrollback transaction[0m
  Rendered tracks/create.js.erb (2.0ms)
Completed 200 OK in 216ms (Views: 26.0ms | ActiveRecord: 0.0ms)


Started GET "/" for 127.0.0.1 at 2013-08-10 12:57:17 -0400
Processing by TracksController#index as HTML
  [1m[35mTrack Load (2.0ms)[0m  SELECT "tracks".* FROM "tracks" 
  Rendered tracks/_createlist.html.erb (1.0ms)
  Rendered tracks/_track.html.erb (4.0ms)
  Rendered tracks/index.html.erb within layouts/application (16.0ms)
  [1m[36m (0.0ms)[0m  [1mSELECT "tracks"."video_id" FROM "tracks" [0m
Completed 200 OK in 53ms (Views: 49.0ms | ActiveRecord: 2.0ms)


Started GET "/assets/font-awesome.css?body=1" for 127.0.0.1 at 2013-08-10 12:57:17 -0400
Served asset /font-awesome.css - 304 Not Modified (0ms)


Started GET "/assets/jquery.js?body=1" for 127.0.0.1 at 2013-08-10 12:57:17 -0400
Served asset /jquery.js - 304 Not Modified (0ms)


Started GET "/assets/jquery_ujs.js?body=1" for 127.0.0.1 at 2013-08-10 12:57:17 -0400
Served asset /jquery_ujs.js - 304 Not Modified (0ms)


Started GET "/assets/application.css?body=1" for 127.0.0.1 at 2013-08-10 12:57:17 -0400
Served asset /application.css - 304 Not Modified (1ms)


Started GET "/assets/tracks.css?body=1" for 127.0.0.1 at 2013-08-10 12:57:17 -0400
Served asset /tracks.css - 304 Not Modified (0ms)


Started GET "/assets/tracks.js?body=1" for 127.0.0.1 at 2013-08-10 12:57:17 -0400
Served asset /tracks.js - 304 Not Modified (0ms)


Started GET "/assets/application.js?body=1" for 127.0.0.1 at 2013-08-10 12:57:17 -0400
Served asset /application.js - 304 Not Modified (1ms)


Started GET "/assets/remove.png" for 127.0.0.1 at 2013-08-10 12:57:17 -0400
Served asset /remove.png - 304 Not Modified (0ms)


Started POST "/tracks" for 127.0.0.1 at 2013-08-10 12:57:23 -0400
Processing by TracksController#create as JS
  Parameters: {"utf8"=>"✓", "authenticity_token"=>"K3nDM4Q0GAKbkc3Y+VHwTgkGxt0dizhG6AXjJ1MKyw0=", "track"=>{"query"=>"oisdafjo oidshf isdho ioudsf h"}, "commit"=>"add"}
  [1m[35mTrack Load (1.0ms)[0m  SELECT "tracks".* FROM "tracks" 
  [1m[36m (1.0ms)[0m  [1mSELECT "tracks"."video_id" FROM "tracks" [0m
  [1m[35m (0.0ms)[0m  begin transaction
  [1m[36m (0.0ms)[0m  [1mrollback transaction[0m
  Rendered tracks/create.js.erb (2.0ms)
Completed 200 OK in 546ms (Views: 29.0ms | ActiveRecord: 2.0ms)


Started POST "/tracks" for 127.0.0.1 at 2013-08-10 12:57:29 -0400
Processing by TracksController#create as JS
  Parameters: {"utf8"=>"✓", "authenticity_token"=>"K3nDM4Q0GAKbkc3Y+VHwTgkGxt0dizhG6AXjJ1MKyw0=", "track"=>{"query"=>"osudh sdf sdvsd  s "}, "commit"=>"add"}
  [1m[35mTrack Load (1.0ms)[0m  SELECT "tracks".* FROM "tracks" 
  [1m[36m (0.0ms)[0m  [1mSELECT "tracks"."video_id" FROM "tracks" [0m
  [1m[35m (0.0ms)[0m  begin transaction
  [1m[36m (0.0ms)[0m  [1mrollback transaction[0m
  Rendered tracks/create.js.erb (7.0ms)
Completed 200 OK in 189ms (Views: 29.0ms | ActiveRecord: 1.0ms)


Started POST "/tracks" for 127.0.0.1 at 2013-08-10 12:57:31 -0400
Processing by TracksController#create as JS
  Parameters: {"utf8"=>"✓", "authenticity_token"=>"K3nDM4Q0GAKbkc3Y+VHwTgkGxt0dizhG6AXjJ1MKyw0=", "track"=>{"query"=>"     "}, "commit"=>"add"}
  [1m[35mTrack Load (1.0ms)[0m  SELECT "tracks".* FROM "tracks" 
  [1m[36m (1.0ms)[0m  [1mSELECT "tracks"."video_id" FROM "tracks" [0m
  [1m[35m (0.0ms)[0m  begin transaction
  [1m[36m (1.0ms)[0m  [1mrollback transaction[0m
  Rendered tracks/create.js.erb (3.0ms)
Completed 200 OK in 185ms (Views: 27.0ms | ActiveRecord: 3.0ms)


Started GET "/" for 127.0.0.1 at 2013-08-10 12:57:33 -0400
Processing by TracksController#index as HTML
  [1m[35mTrack Load (1.0ms)[0m  SELECT "tracks".* FROM "tracks" 
  Rendered tracks/_createlist.html.erb (1.0ms)
  Rendered tracks/_track.html.erb (3.0ms)
  Rendered tracks/index.html.erb within layouts/application (15.0ms)
  [1m[36m (1.0ms)[0m  [1mSELECT "tracks"."video_id" FROM "tracks" [0m
Completed 200 OK in 54ms (Views: 50.0ms | ActiveRecord: 2.0ms)


Started GET "/assets/jquery.js?body=1" for 127.0.0.1 at 2013-08-10 12:57:34 -0400
Served asset /jquery.js - 304 Not Modified (0ms)


Started GET "/assets/jquery_ujs.js?body=1" for 127.0.0.1 at 2013-08-10 12:57:34 -0400
Served asset /jquery_ujs.js - 304 Not Modified (0ms)


Started GET "/assets/application.css?body=1" for 127.0.0.1 at 2013-08-10 12:57:34 -0400
Served asset /application.css - 304 Not Modified (1ms)


Started GET "/assets/tracks.css?body=1" for 127.0.0.1 at 2013-08-10 12:57:34 -0400
Served asset /tracks.css - 304 Not Modified (0ms)


Started GET "/assets/font-awesome.css?body=1" for 127.0.0.1 at 2013-08-10 12:57:34 -0400
Served asset /font-awesome.css - 304 Not Modified (0ms)


Started GET "/assets/tracks.js?body=1" for 127.0.0.1 at 2013-08-10 12:57:34 -0400
Served asset /tracks.js - 304 Not Modified (0ms)


Started GET "/assets/application.js?body=1" for 127.0.0.1 at 2013-08-10 12:57:34 -0400
Served asset /application.js - 304 Not Modified (1ms)


Started GET "/assets/remove.png" for 127.0.0.1 at 2013-08-10 12:57:34 -0400
Served asset /remove.png - 304 Not Modified (0ms)


Started POST "/tracks" for 127.0.0.1 at 2013-08-10 12:57:37 -0400
Processing by TracksController#create as JS
  Parameters: {"utf8"=>"✓", "authenticity_token"=>"K3nDM4Q0GAKbkc3Y+VHwTgkGxt0dizhG6AXjJ1MKyw0=", "track"=>{"query"=>"                "}, "commit"=>"add"}
  [1m[35mTrack Load (0.0ms)[0m  SELECT "tracks".* FROM "tracks" 
  [1m[36m (0.0ms)[0m  [1mSELECT "tracks"."video_id" FROM "tracks" [0m
  [1m[35m (0.0ms)[0m  begin transaction
  [1m[36m (0.0ms)[0m  [1mrollback transaction[0m
  Rendered tracks/create.js.erb (5.0ms)
Completed 200 OK in 227ms (Views: 39.0ms | ActiveRecord: 0.0ms)


Started POST "/tracks" for 127.0.0.1 at 2013-08-10 12:57:41 -0400
Processing by TracksController#create as JS
  Parameters: {"utf8"=>"✓", "authenticity_token"=>"K3nDM4Q0GAKbkc3Y+VHwTgkGxt0dizhG6AXjJ1MKyw0=", "track"=>{"query"=>",."}, "commit"=>"add"}
  [1m[35mTrack Load (0.0ms)[0m  SELECT "tracks".* FROM "tracks" 
  [1m[36m (1.0ms)[0m  [1mSELECT "tracks"."video_id" FROM "tracks" [0m
  [1m[35m (0.0ms)[0m  begin transaction
  [1m[36m (0.0ms)[0m  [1mrollback transaction[0m
  Rendered tracks/create.js.erb (11.0ms)
Completed 200 OK in 295ms (Views: 36.0ms | ActiveRecord: 1.0ms)


Started GET "/" for 127.0.0.1 at 2013-08-10 12:57:43 -0400
Processing by TracksController#index as HTML
  [1m[35mTrack Load (0.0ms)[0m  SELECT "tracks".* FROM "tracks" 
  Rendered tracks/_createlist.html.erb (1.0ms)
  Rendered tracks/_track.html.erb (2.0ms)
  Rendered tracks/index.html.erb within layouts/application (14.0ms)
  [1m[36m (0.0ms)[0m  [1mSELECT "tracks"."video_id" FROM "tracks" [0m
Completed 200 OK in 61ms (Views: 59.0ms | ActiveRecord: 0.0ms)


Started GET "/assets/font-awesome.css?body=1" for 127.0.0.1 at 2013-08-10 12:57:44 -0400
Served asset /font-awesome.css - 304 Not Modified (0ms)


Started GET "/assets/tracks.css?body=1" for 127.0.0.1 at 2013-08-10 12:57:44 -0400
Served asset /tracks.css - 304 Not Modified (0ms)


Started GET "/assets/application.css?body=1" for 127.0.0.1 at 2013-08-10 12:57:44 -0400
Served asset /application.css - 304 Not Modified (0ms)


Started GET "/assets/jquery.js?body=1" for 127.0.0.1 at 2013-08-10 12:57:44 -0400
Served asset /jquery.js - 304 Not Modified (0ms)


Started GET "/assets/jquery_ujs.js?body=1" for 127.0.0.1 at 2013-08-10 12:57:44 -0400
Served asset /jquery_ujs.js - 304 Not Modified (0ms)


Started GET "/assets/tracks.js?body=1" for 127.0.0.1 at 2013-08-10 12:57:44 -0400
Served asset /tracks.js - 304 Not Modified (0ms)


Started GET "/assets/application.js?body=1" for 127.0.0.1 at 2013-08-10 12:57:44 -0400
Served asset /application.js - 304 Not Modified (1ms)


Started GET "/assets/remove.png" for 127.0.0.1 at 2013-08-10 12:57:44 -0400
Served asset /remove.png - 304 Not Modified (0ms)


Started POST "/tracks" for 127.0.0.1 at 2013-08-10 12:57:47 -0400
Processing by TracksController#create as JS
  Parameters: {"utf8"=>"✓", "authenticity_token"=>"K3nDM4Q0GAKbkc3Y+VHwTgkGxt0dizhG6AXjJ1MKyw0=", "track"=>{"query"=>",.,.,,/."}, "commit"=>"add"}
  [1m[35mTrack Load (1.0ms)[0m  SELECT "tracks".* FROM "tracks" 
  [1m[36m (0.0ms)[0m  [1mSELECT "tracks"."video_id" FROM "tracks" [0m
  [1m[35m (0.0ms)[0m  begin transaction
  [1m[36m (0.0ms)[0m  [1mrollback transaction[0m
  Rendered tracks/create.js.erb (2.0ms)
Completed 200 OK in 190ms (Views: 40.0ms | ActiveRecord: 1.0ms)


Started POST "/tracks" for 127.0.0.1 at 2013-08-10 12:57:50 -0400
Processing by TracksController#create as JS
  Parameters: {"utf8"=>"✓", "authenticity_token"=>"K3nDM4Q0GAKbkc3Y+VHwTgkGxt0dizhG6AXjJ1MKyw0=", "track"=>{"query"=>".,./,/.,"}, "commit"=>"add"}
  [1m[35mTrack Load (1.0ms)[0m  SELECT "tracks".* FROM "tracks" 
  [1m[36m (0.0ms)[0m  [1mSELECT "tracks"."video_id" FROM "tracks" [0m
  [1m[35m (0.0ms)[0m  begin transaction
  [1m[36m (0.0ms)[0m  [1mrollback transaction[0m
  Rendered tracks/create.js.erb (2.0ms)
Completed 200 OK in 170ms (Views: 31.0ms | ActiveRecord: 1.0ms)


Started POST "/tracks" for 127.0.0.1 at 2013-08-10 12:58:12 -0400
Processing by TracksController#create as JS
  Parameters: {"utf8"=>"✓", "authenticity_token"=>"K3nDM4Q0GAKbkc3Y+VHwTgkGxt0dizhG6AXjJ1MKyw0=", "track"=>{"query"=>"ISDLJ POS; '.././/././.,"}, "commit"=>"add"}
  [1m[35mTrack Load (1.0ms)[0m  SELECT "tracks".* FROM "tracks" 
  [1m[36m (1.0ms)[0m  [1mSELECT "tracks"."video_id" FROM "tracks" [0m
  [1m[35m (0.0ms)[0m  begin transaction
  [1m[36m (0.0ms)[0m  [1mrollback transaction[0m
  Rendered tracks/create.js.erb (1.0ms)
Completed 200 OK in 161ms (Views: 16.0ms | ActiveRecord: 2.0ms)
